<?xml version="1.0" encoding="UTF-8"?>
<!-- Generated by org.testng.reporters.JUnitXMLReporter -->
<testsuite hostname="LAPTOP-QKN1RJAQ" ignored="0" name="Test" tests="4" failures="1" timestamp="2022-04-18T23:40:25 IST" time="53.537" errors="0">
  <testcase name="sampe" time="16.895" classname="testcases.SampleTest">
    <failure type="java.lang.AssertionError" message="expected [LOka] but found [https://www.tvlicensing.co.uk/cs/update/your-licence/index.app?authorizationFilterPageName=authorization-view&amp;amp;WT.ac=home_ytvlo_signin]">
      <![CDATA[java.lang.AssertionError: expected [LOka] but found [https://www.tvlicensing.co.uk/cs/update/your-licence/index.app?authorizationFilterPageName=authorization-view&WT.ac=home_ytvlo_signin]
at testcases.SampleTest.sampe(SampleTest.java:26)
at java.util.ArrayList.forEach(ArrayList.java:1259)
... Removed 37 stack frames]]>
    </failure>
  </testcase> <!-- sampe -->
  <testcase name="sampe" time="10.363" classname="testcases.SampleTest2"/>
  <testcase name="sampe" time="10.73" classname="testcases.SampleTest3"/>
  <testcase name="sampe" time="9.949" classname="testcases.SampleTest4"/>
</testsuite> <!-- Test -->
