<?xml version="1.0" encoding="UTF-8"?>
<testsuite xmlns:xsi="http://www.w3.org/2001/XMLSchema-instance" xsi:noNamespaceSchemaLocation="https://maven.apache.org/surefire/maven-surefire-plugin/xsd/surefire-test-report-3.0.xsd" version="3.0" name="TestSuite" time="56.034" tests="4" errors="0" skipped="0" failures="1">
  <properties>
[...]
</properties>
  <testcase name="sampe" classname="testcases.SampleTest" time="17.079">
    <failure message="expected [LOka] but found [https://www.tvlicensing.co.uk/cs/update/your-licence/index.app?authorizationFilterPageName=authorization-view&amp;WT.ac=home_ytvlo_signin]" type="java.lang.AssertionError"><![CDATA[java.lang.AssertionError: expected [LOka] but found [https://www.tvlicensing.co.uk/cs/update/your-licence/index.app?authorizationFilterPageName=authorization-view&WT.ac=home_ytvlo_signin]
	at org.testng.Assert.fail(Assert.java:110)
	at org.testng.Assert.failNotEquals(Assert.java:1413)
	at org.testng.Assert.assertEqualsImpl(Assert.java:149)
	at org.testng.Assert.assertEquals(Assert.java:131)
	at org.testng.Assert.assertEquals(Assert.java:655)
	at org.testng.Assert.assertEquals(Assert.java:665)
	at testcases.SampleTest.sampe(SampleTest.java:26)
	at sun.reflect.NativeMethodAccessorImpl.invoke0(Native Method)
	at sun.reflect.NativeMethodAccessorImpl.invoke(NativeMethodAccessorImpl.java:62)
	at sun.reflect.DelegatingMethodAccessorImpl.invoke(DelegatingMethodAccessorImpl.java:43)
	at java.lang.reflect.Method.invoke(Method.java:498)
	at org.testng.internal.invokers.MethodInvocationHelper.invokeMethod(MethodInvocationHelper.java:135)
	at org.testng.internal.invokers.TestInvoker.invokeMethod(TestInvoker.java:673)
	at org.testng.internal.invokers.TestInvoker.invokeTestMethod(TestInvoker.java:220)
	at org.testng.internal.invokers.MethodRunner.runInSequence(MethodRunner.java:50)
	at org.testng.internal.invokers.TestInvoker$MethodInvocationAgent.invoke(TestInvoker.java:945)
	at org.testng.internal.invokers.TestInvoker.invokeTestMethods(TestInvoker.java:193)
	at org.testng.internal.invokers.TestMethodWorker.invokeTestMethods(TestMethodWorker.java:146)
	at org.testng.internal.invokers.TestMethodWorker.run(TestMethodWorker.java:128)
	at java.util.ArrayList.forEach(ArrayList.java:1259)
	at org.testng.TestRunner.privateRun(TestRunner.java:808)
	at org.testng.TestRunner.run(TestRunner.java:603)
	at org.testng.SuiteRunner.runTest(SuiteRunner.java:429)
	at org.testng.SuiteRunner.runSequentially(SuiteRunner.java:423)
	at org.testng.SuiteRunner.privateRun(SuiteRunner.java:383)
	at org.testng.SuiteRunner.run(SuiteRunner.java:326)
	at org.testng.SuiteRunnerWorker.runSuite(SuiteRunnerWorker.java:52)
	at org.testng.SuiteRunnerWorker.run(SuiteRunnerWorker.java:95)
	at org.testng.TestNG.runSuitesSequentially(TestNG.java:1249)
	at org.testng.TestNG.runSuitesLocally(TestNG.java:1169)
	at org.testng.TestNG.runSuites(TestNG.java:1092)
	at org.testng.TestNG.run(TestNG.java:1060)
	at org.apache.maven.surefire.testng.TestNGExecutor.run(TestNGExecutor.java:324)
	at org.apache.maven.surefire.testng.TestNGXmlTestSuite.execute(TestNGXmlTestSuite.java:74)
	at org.apache.maven.surefire.testng.TestNGProvider.invoke(TestNGProvider.java:123)
	at org.apache.maven.surefire.booter.ForkedBooter.runSuitesInProcess(ForkedBooter.java:456)
	at org.apache.maven.surefire.booter.ForkedBooter.execute(ForkedBooter.java:169)
	at org.apache.maven.surefire.booter.ForkedBooter.run(ForkedBooter.java:595)
	at org.apache.maven.surefire.booter.ForkedBooter.main(ForkedBooter.java:581)
]]></failure>
    <system-err><![CDATA[1650305372445	geckodriver	INFO	Listening on 127.0.0.1:52927
1650305373690	mozrunner::runner	INFO	Running command: "C:\\Program Files\\Mozilla Firefox\\firefox.exe" "--marionette" "--remote-debugging-port" "49762" "-no-remote" "-profile" "C:\\Users\\lokar\\AppData\\Local\\Temp\\rust_mozprofileMKmXyN"
1650305374343	Marionette	INFO	Marionette enabled
console.warn: SearchSettings: "get: No settings file exists, new profile?" (new NotFoundError("Could not open the file at C:\\Users\\lokar\\AppData\\Local\\Temp\\rust_mozprofileMKmXyN\\search.json.mozlz4", (void 0)))
DevTools listening on ws://localhost:49762/devtools/browser/61109f37-e452-4866-85ba-2a824287ac90
1650305378035	Marionette	INFO	Listening on port 54759
1650305378536	RemoteAgent	WARN	TLS certificate errors will be ignored for this session
Apr 18, 2022 11:39:38 PM org.openqa.selenium.remote.ProtocolHandshake createSession
INFO: Detected dialect: W3C
JavaScript error: https://www.tvlicensing.co.uk/, line 1447: SyntaxError: missing } in compound statement
JavaScript note: https://www.tvlicensing.co.uk/, line 1431: { opened at line 1431, column 52
JavaScript error: https://www.tvlicensing.co.uk/cs/update/your-licence/index.app?authorizationFilterPageName=authorization-view&WT.ac=home_ytvlo_signin, line 911: SyntaxError: missing } in compound statement
JavaScript note: https://www.tvlicensing.co.uk/cs/update/your-licence/index.app?authorizationFilterPageName=authorization-view&WT.ac=home_ytvlo_signin, line 895: { opened at line 895, column 52
JavaScript warning: https://www.tvlicensing.co.uk/_Incapsula_Resource?SWJIYLWA=719d34d31c8e3a6e6fffd425f7e032f3&ns=51&cb=232141228, line 1: unreachable code after return statement
JavaScript warning: https://www.tvlicensing.co.uk/_Incapsula_Resource?SWJIYLWA=719d34d31c8e3a6e6fffd425f7e032f3&ns=51&cb=232141228, line 1: unreachable code after return statement
JavaScript warning: https://www.tvlicensing.co.uk/_Incapsula_Resource?SWJIYLWA=719d34d31c8e3a6e6fffd425f7e032f3&ns=51&cb=232141228, line 1: unreachable code after return statement
JavaScript warning: https://www.tvlicensing.co.uk/_Incapsula_Resource?SWJIYLWA=719d34d31c8e3a6e6fffd425f7e032f3&ns=51&cb=232141228 line 1 > eval, line 1: unreachable code after return statement
JavaScript warning: https://www.tvlicensing.co.uk/_Incapsula_Resource?SWJIYLWA=719d34d31c8e3a6e6fffd425f7e032f3&ns=51&cb=232141228 line 1 > eval, line 1: unreachable code after return statement
]]></system-err>
  </testcase>
  <testcase name="sampe" classname="testcases.SampleTest2" time="10.363">
    <system-err><![CDATA[1650305388332	Marionette	INFO	Stopped listening on port 54759
1650305389764	geckodriver	INFO	Listening on 127.0.0.1:60539
1650305390274	mozrunner::runner	INFO	Running command: "C:\\Program Files\\Mozilla Firefox\\firefox.exe" "--marionette" "--remote-debugging-port" "62964" "-no-remote" "-profile" "C:\\Users\\lokar\\AppData\\Local\\Temp\\rust_mozprofileB6g9mu"
1650305390932	Marionette	INFO	Marionette enabled
console.warn: SearchSettings: "get: No settings file exists, new profile?" (new NotFoundError("Could not open the file at C:\\Users\\lokar\\AppData\\Local\\Temp\\rust_mozprofileB6g9mu\\search.json.mozlz4", (void 0)))
DevTools listening on ws://localhost:62964/devtools/browser/24457896-1fdf-4fc6-bed5-5527f2c71828
1650305394412	Marionette	INFO	Listening on port 54831
1650305394480	RemoteAgent	WARN	TLS certificate errors will be ignored for this session
Apr 18, 2022 11:39:54 PM org.openqa.selenium.remote.ProtocolHandshake createSession
INFO: Detected dialect: W3C
JavaScript error: https://www.tvlicensing.co.uk/, line 1460: SyntaxError: missing } in compound statement
JavaScript note: https://www.tvlicensing.co.uk/, line 1444: { opened at line 1444, column 52
JavaScript error: https://www.tvlicensing.co.uk/cs/update/your-licence/index.app?authorizationFilterPageName=authorization-view&WT.ac=home_ytvlo_signin, line 911: SyntaxError: missing } in compound statement
JavaScript note: https://www.tvlicensing.co.uk/cs/update/your-licence/index.app?authorizationFilterPageName=authorization-view&WT.ac=home_ytvlo_signin, line 895: { opened at line 895, column 52
JavaScript warning: https://www.tvlicensing.co.uk/_Incapsula_Resource?SWJIYLWA=719d34d31c8e3a6e6fffd425f7e032f3&ns=51&cb=1704875802, line 1: unreachable code after return statement
JavaScript warning: https://www.tvlicensing.co.uk/_Incapsula_Resource?SWJIYLWA=719d34d31c8e3a6e6fffd425f7e032f3&ns=51&cb=1704875802, line 1: unreachable code after return statement
JavaScript warning: https://www.tvlicensing.co.uk/_Incapsula_Resource?SWJIYLWA=719d34d31c8e3a6e6fffd425f7e032f3&ns=51&cb=1704875802, line 1: unreachable code after return statement
JavaScript warning: https://www.tvlicensing.co.uk/_Incapsula_Resource?SWJIYLWA=719d34d31c8e3a6e6fffd425f7e032f3&ns=51&cb=1704875802 line 1 > eval, line 1: unreachable code after return statement
JavaScript warning: https://www.tvlicensing.co.uk/_Incapsula_Resource?SWJIYLWA=719d34d31c8e3a6e6fffd425f7e032f3&ns=51&cb=1704875802 line 1 > eval, line 1: unreachable code after return statement
]]></system-err>
  </testcase>
  <testcase name="sampe" classname="testcases.SampleTest3" time="10.73">
    <system-err><![CDATA[1650305400064	Marionette	INFO	Stopped listening on port 54831
1650305401461	geckodriver	INFO	Listening on 127.0.0.1:64813
1650305401976	mozrunner::runner	INFO	Running command: "C:\\Program Files\\Mozilla Firefox\\firefox.exe" "--marionette" "--remote-debugging-port" "50626" "-no-remote" "-profile" "C:\\Users\\lokar\\AppData\\Local\\Temp\\rust_mozprofilehA9tmX"
1650305402639	Marionette	INFO	Marionette enabled
console.warn: SearchSettings: "get: No settings file exists, new profile?" (new NotFoundError("Could not open the file at C:\\Users\\lokar\\AppData\\Local\\Temp\\rust_mozprofilehA9tmX\\search.json.mozlz4", (void 0)))
DevTools listening on ws://localhost:50626/devtools/browser/4ce74a46-ed16-4875-9335-5c34b21c1d6f
1650305406036	Marionette	INFO	Listening on port 54900
1650305406189	RemoteAgent	WARN	TLS certificate errors will be ignored for this session
Apr 18, 2022 11:40:06 PM org.openqa.selenium.remote.ProtocolHandshake createSession
INFO: Detected dialect: W3C
JavaScript error: https://www.tvlicensing.co.uk/, line 1447: SyntaxError: missing } in compound statement
JavaScript note: https://www.tvlicensing.co.uk/, line 1431: { opened at line 1431, column 52
JavaScript error: https://www.tvlicensing.co.uk/cs/update/your-licence/index.app?authorizationFilterPageName=authorization-view&WT.ac=home_ytvlo_signin, line 911: SyntaxError: missing } in compound statement
JavaScript note: https://www.tvlicensing.co.uk/cs/update/your-licence/index.app?authorizationFilterPageName=authorization-view&WT.ac=home_ytvlo_signin, line 895: { opened at line 895, column 52
JavaScript warning: https://www.tvlicensing.co.uk/_Incapsula_Resource?SWJIYLWA=719d34d31c8e3a6e6fffd425f7e032f3&ns=51&cb=1817607345, line 1: unreachable code after return statement
JavaScript warning: https://www.tvlicensing.co.uk/_Incapsula_Resource?SWJIYLWA=719d34d31c8e3a6e6fffd425f7e032f3&ns=51&cb=1817607345, line 1: unreachable code after return statement
JavaScript warning: https://www.tvlicensing.co.uk/_Incapsula_Resource?SWJIYLWA=719d34d31c8e3a6e6fffd425f7e032f3&ns=51&cb=1817607345, line 1: unreachable code after return statement
JavaScript warning: https://www.tvlicensing.co.uk/_Incapsula_Resource?SWJIYLWA=719d34d31c8e3a6e6fffd425f7e032f3&ns=51&cb=1817607345 line 1 > eval, line 1: unreachable code after return statement
JavaScript warning: https://www.tvlicensing.co.uk/_Incapsula_Resource?SWJIYLWA=719d34d31c8e3a6e6fffd425f7e032f3&ns=51&cb=1817607345 line 1 > eval, line 1: unreachable code after return statement
]]></system-err>
  </testcase>
  <testcase name="sampe" classname="testcases.SampleTest4" time="9.949">
    <system-err><![CDATA[1650305412135	Marionette	INFO	Stopped listening on port 54900
1650305413514	geckodriver	INFO	Listening on 127.0.0.1:62502
1650305414020	mozrunner::runner	INFO	Running command: "C:\\Program Files\\Mozilla Firefox\\firefox.exe" "--marionette" "--remote-debugging-port" "58326" "-no-remote" "-profile" "C:\\Users\\lokar\\AppData\\Local\\Temp\\rust_mozprofilefwvGP2"
1650305414673	Marionette	INFO	Marionette enabled
console.warn: SearchSettings: "get: No settings file exists, new profile?" (new NotFoundError("Could not open the file at C:\\Users\\lokar\\AppData\\Local\\Temp\\rust_mozprofilefwvGP2\\search.json.mozlz4", (void 0)))
DevTools listening on ws://localhost:58326/devtools/browser/206f6cb3-0204-4613-9bc0-6295ac0f8de1
1650305418233	Marionette	INFO	Listening on port 54967
1650305418334	RemoteAgent	WARN	TLS certificate errors will be ignored for this session
Apr 18, 2022 11:40:18 PM org.openqa.selenium.remote.ProtocolHandshake createSession
INFO: Detected dialect: W3C
JavaScript error: https://www.tvlicensing.co.uk/, line 1460: SyntaxError: missing } in compound statement
JavaScript note: https://www.tvlicensing.co.uk/, line 1444: { opened at line 1444, column 52
JavaScript error: https://www.tvlicensing.co.uk/cs/update/your-licence/index.app?authorizationFilterPageName=authorization-view&WT.ac=home_ytvlo_signin, line 911: SyntaxError: missing } in compound statement
JavaScript note: https://www.tvlicensing.co.uk/cs/update/your-licence/index.app?authorizationFilterPageName=authorization-view&WT.ac=home_ytvlo_signin, line 895: { opened at line 895, column 52
JavaScript warning: https://www.tvlicensing.co.uk/_Incapsula_Resource?SWJIYLWA=719d34d31c8e3a6e6fffd425f7e032f3&ns=51&cb=1014697169, line 1: unreachable code after return statement
JavaScript warning: https://www.tvlicensing.co.uk/_Incapsula_Resource?SWJIYLWA=719d34d31c8e3a6e6fffd425f7e032f3&ns=51&cb=1014697169, line 1: unreachable code after return statement
JavaScript warning: https://www.tvlicensing.co.uk/_Incapsula_Resource?SWJIYLWA=719d34d31c8e3a6e6fffd425f7e032f3&ns=51&cb=1014697169, line 1: unreachable code after return statement
JavaScript warning: https://www.tvlicensing.co.uk/_Incapsula_Resource?SWJIYLWA=719d34d31c8e3a6e6fffd425f7e032f3&ns=51&cb=1014697169 line 1 > eval, line 1: unreachable code after return statement
JavaScript warning: https://www.tvlicensing.co.uk/_Incapsula_Resource?SWJIYLWA=719d34d31c8e3a6e6fffd425f7e032f3&ns=51&cb=1014697169 line 1 > eval, line 1: unreachable code after return statement
]]></system-err>
  </testcase>
</testsuite>